<?xml version='1.0' encoding='UTF-8'?>
<testsuite hostname="AlienwareM16R2" name="ALUSubTest" tests="1" errors="0" failures="0" skipped="0" time="3.692" timestamp="2026-06-03T17:03:43">
          <properties>
[...]
</properties>
          <testcase classname="ALUSubTest" name="ALU_Sub_Tester should test Sub operation" time="3.692">
                      
                    </testcase>
          <system-out><![CDATA[]]></system-out>
          <system-err><![CDATA[]]></system-err>
        </testsuite>